
> berry-material-react-js@5.1.1 start
> vite

Port 3000 is in use, trying another one...

  VITE v7.2.2  ready in 106 ms

  ➜  Local:   http://localhost:3001/
  ➜  Network: http://172.20.10.4:3001/
8:30:17 AM [vite] (client) hmr update /src/layout/MainLayout/HorizontalBar.jsx, /src/layout/MainLayout/MenuList/index.jsx
8:32:38 AM [vite] (client) hmr update /src/views/qms/MeetingMaster/MeetingMasterList.jsx, /src/ui-component/bos/BOSFileGallery.jsx, /src/ui-component/bos/BOSFilePreview.jsx, /src/views/qms/MeetingMaster/AddMeetingMasterDialog.jsx, /src/views/qms/MeetingSchedule/AddMeetingScheduleDialog.jsx, /src/ui-component/bos/BOSFileUpload.jsx, /src/views/qms/MeetingSchedule/MeetingScheduleList.jsx
8:33:29 AM [vite] (client) hmr update /src/routes/MainRoutes.jsx
8:33:29 AM [vite] (client) hmr invalidate /src/routes/MainRoutes.jsx Could not Fast Refresh ("default" export is incompatible). Learn more at https://github.com/vitejs/vite-plugin-react/tree/main/packages/plugin-react#consistent-components-exports
8:33:29 AM [vite] (client) hmr update /src/routes/index.jsx
8:33:29 AM [vite] (client) hmr invalidate /src/routes/index.jsx Could not Fast Refresh ("default" export is incompatible). Learn more at https://github.com/vitejs/vite-plugin-react/tree/main/packages/plugin-react#consistent-components-exports
8:33:29 AM [vite] (client) hmr update /src/App.jsx
8:33:40 AM [vite] (client) hmr update /src/layout/MainLayout/HorizontalBar.jsx, /src/layout/MainLayout/MenuList/index.jsx
8:33:54 AM [vite] (client) hmr update /src/routes/MainRoutes.jsx
8:33:54 AM [vite] (client) hmr invalidate /src/routes/MainRoutes.jsx Could not Fast Refresh ("default" export is incompatible). Learn more at https://github.com/vitejs/vite-plugin-react/tree/main/packages/plugin-react#consistent-components-exports
8:33:54 AM [vite] (client) hmr update /src/routes/index.jsx
8:33:54 AM [vite] (client) hmr invalidate /src/routes/index.jsx Could not Fast Refresh ("default" export is incompatible). Learn more at https://github.com/vitejs/vite-plugin-react/tree/main/packages/plugin-react#consistent-components-exports
8:33:54 AM [vite] (client) hmr update /src/App.jsx
8:35:25 AM [vite] (client) hmr update /src/views/qms/MeetingSchedule/AddMeetingScheduleDialog.jsx
8:36:54 AM [vite] (client) hmr update /src/views/qms/MeetingSchedule/MeetingScheduleList.jsx
8:38:30 AM [vite] (client) hmr update /src/views/qms/MeetingSchedule/MeetingScheduleList.jsx
8:38:53 AM [vite] (client) hmr update /src/views/qms/MeetingSchedule/MeetingScheduleList.jsx
8:39:05 AM [vite] http proxy error: /api/account/license-status
Error: read ECONNRESET
    at TCP.onStreamRead (node:internal/stream_base_commons:216:20)
8:39:12 AM [vite] (client) hmr update /src/ui-component/Locales.jsx
8:40:13 AM [vite] (client) hmr update /src/views/qms/MeetingSchedule/AddMeetingScheduleDialog.jsx
8:40:13 AM [vite] Internal server error: /Users/eash/Desktop/ERP 1.11.56 AM/Autonoma_ERP/src/views/qms/MeetingSchedule/AddMeetingScheduleDialog.jsx: Unexpected token (233:2)

  231 |   );
  232 | };
> 233 |   );
      |   ^
  234 | };
  235 |
  236 | AddMeetingScheduleDialog.propTypes = {
  Plugin: vite:react-babel
  File: /Users/eash/Desktop/ERP 1.11.56 AM/Autonoma_ERP/src/views/qms/MeetingSchedule/AddMeetingScheduleDialog.jsx:233:2
  231 |    );
  232 |  };
  233 |    );
      |    ^
  234 |  };
  235 |  
      at constructor (/Users/eash/Desktop/ERP 1.11.56 AM/Autonoma_ERP/node_modules/@babel/parser/lib/index.js:367:19)
      at JSXParserMixin.raise (/Users/eash/Desktop/ERP 1.11.56 AM/Autonoma_ERP/node_modules/@babel/parser/lib/index.js:6624:19)
      at JSXParserMixin.unexpected (/Users/eash/Desktop/ERP 1.11.56 AM/Autonoma_ERP/node_modules/@babel/parser/lib/index.js:6644:16)
      at JSXParserMixin.parseExprAtom (/Users/eash/Desktop/ERP 1.11.56 AM/Autonoma_ERP/node_modules/@babel/parser/lib/index.js:11508:22)
      at JSXParserMixin.parseExprAtom (/Users/eash/Desktop/ERP 1.11.56 AM/Autonoma_ERP/node_modules/@babel/parser/lib/index.js:4793:20)
      at JSXParserMixin.parseExprSubscripts (/Users/eash/Desktop/ERP 1.11.56 AM/Autonoma_ERP/node_modules/@babel/parser/lib/index.js:11145:23)
      at JSXParserMixin.parseUpdate (/Users/eash/Desktop/ERP 1.11.56 AM/Autonoma_ERP/node_modules/@babel/parser/lib/index.js:11130:21)
      at JSXParserMixin.parseMaybeUnary (/Users/eash/Desktop/ERP 1.11.56 AM/Autonoma_ERP/node_modules/@babel/parser/lib/index.js:11110:23)
      at JSXParserMixin.parseMaybeUnaryOrPrivate (/Users/eash/Desktop/ERP 1.11.56 AM/Autonoma_ERP/node_modules/@babel/parser/lib/index.js:10963:61)
      at JSXParserMixin.parseExprOps (/Users/eash/Desktop/ERP 1.11.56 AM/Autonoma_ERP/node_modules/@babel/parser/lib/index.js:10968:23)
      at JSXParserMixin.parseMaybeConditional (/Users/eash/Desktop/ERP 1.11.56 AM/Autonoma_ERP/node_modules/@babel/parser/lib/index.js:10945:23)
      at JSXParserMixin.parseMaybeAssign (/Users/eash/Desktop/ERP 1.11.56 AM/Autonoma_ERP/node_modules/@babel/parser/lib/index.js:10895:21)
      at JSXParserMixin.parseExpressionBase (/Users/eash/Desktop/ERP 1.11.56 AM/Autonoma_ERP/node_modules/@babel/parser/lib/index.js:10848:23)
      at /Users/eash/Desktop/ERP 1.11.56 AM/Autonoma_ERP/node_modules/@babel/parser/lib/index.js:10844:39
      at JSXParserMixin.allowInAnd (/Users/eash/Desktop/ERP 1.11.56 AM/Autonoma_ERP/node_modules/@babel/parser/lib/index.js:12495:16)
      at JSXParserMixin.parseExpression (/Users/eash/Desktop/ERP 1.11.56 AM/Autonoma_ERP/node_modules/@babel/parser/lib/index.js:10844:17)
      at JSXParserMixin.parseStatementContent (/Users/eash/Desktop/ERP 1.11.56 AM/Autonoma_ERP/node_modules/@babel/parser/lib/index.js:12971:23)
      at JSXParserMixin.parseStatementLike (/Users/eash/Desktop/ERP 1.11.56 AM/Autonoma_ERP/node_modules/@babel/parser/lib/index.js:12843:17)
      at JSXParserMixin.parseModuleItem (/Users/eash/Desktop/ERP 1.11.56 AM/Autonoma_ERP/node_modules/@babel/parser/lib/index.js:12820:17)
      at JSXParserMixin.parseBlockOrModuleBlockBody (/Users/eash/Desktop/ERP 1.11.56 AM/Autonoma_ERP/node_modules/@babel/parser/lib/index.js:13392:36)
      at JSXParserMixin.parseBlockBody (/Users/eash/Desktop/ERP 1.11.56 AM/Autonoma_ERP/node_modules/@babel/parser/lib/index.js:13385:10)
      at JSXParserMixin.parseProgram (/Users/eash/Desktop/ERP 1.11.56 AM/Autonoma_ERP/node_modules/@babel/parser/lib/index.js:12698:10)
      at JSXParserMixin.parseTopLevel (/Users/eash/Desktop/ERP 1.11.56 AM/Autonoma_ERP/node_modules/@babel/parser/lib/index.js:12688:25)
      at JSXParserMixin.parse (/Users/eash/Desktop/ERP 1.11.56 AM/Autonoma_ERP/node_modules/@babel/parser/lib/index.js:14568:25)
      at parse (/Users/eash/Desktop/ERP 1.11.56 AM/Autonoma_ERP/node_modules/@babel/parser/lib/index.js:14602:38)
      at parser (/Users/eash/Desktop/ERP 1.11.56 AM/Autonoma_ERP/node_modules/@babel/core/lib/parser/index.js:41:34)
      at parser.next (<anonymous>)
      at normalizeFile (/Users/eash/Desktop/ERP 1.11.56 AM/Autonoma_ERP/node_modules/@babel/core/lib/transformation/normalize-file.js:64:37)
      at normalizeFile.next (<anonymous>)
      at run (/Users/eash/Desktop/ERP 1.11.56 AM/Autonoma_ERP/node_modules/@babel/core/lib/transformation/index.js:22:50)
      at run.next (<anonymous>)
      at transform (/Users/eash/Desktop/ERP 1.11.56 AM/Autonoma_ERP/node_modules/@babel/core/lib/transform.js:22:33)
      at transform.next (<anonymous>)
      at step (/Users/eash/Desktop/ERP 1.11.56 AM/Autonoma_ERP/node_modules/gensync/index.js:261:32)
      at /Users/eash/Desktop/ERP 1.11.56 AM/Autonoma_ERP/node_modules/gensync/index.js:273:13
      at async.call.result.err.err (/Users/eash/Desktop/ERP 1.11.56 AM/Autonoma_ERP/node_modules/gensync/index.js:223:11)
      at /Users/eash/Desktop/ERP 1.11.56 AM/Autonoma_ERP/node_modules/gensync/index.js:189:28
      at /Users/eash/Desktop/ERP 1.11.56 AM/Autonoma_ERP/node_modules/@babel/core/lib/gensync-utils/async.js:67:7
      at /Users/eash/Desktop/ERP 1.11.56 AM/Autonoma_ERP/node_modules/gensync/index.js:113:33
      at step (/Users/eash/Desktop/ERP 1.11.56 AM/Autonoma_ERP/node_modules/gensync/index.js:287:14)
      at /Users/eash/Desktop/ERP 1.11.56 AM/Autonoma_ERP/node_modules/gensync/index.js:273:13
      at async.call.result.err.err (/Users/eash/Desktop/ERP 1.11.56 AM/Autonoma_ERP/node_modules/gensync/index.js:223:11)
8:40:30 AM [vite] (client) hmr update /src/views/qms/MeetingSchedule/AddMeetingScheduleDialog.jsx
9:26:25 AM [vite] (client) hmr update /src/views/qms/MeetingMaster/MeetingMasterList.jsx
9:27:24 AM [vite] (client) hmr update /src/views/qms/MeetingSchedule/MeetingScheduleList.jsx
9:28:43 AM [vite] (client) hmr update /src/views/qms/MeetingMinutes/MomList.jsx
9:34:11 AM [vite] (client) hmr update /src/routes/MainRoutes.jsx
9:34:31 AM [vite] (client) hmr update /src/layout/MainLayout/HorizontalBar.jsx, /src/layout/MainLayout/MenuList/index.jsx
9:34:43 AM [vite] (client) hmr update /src/views/qms/MeetingMaster/MeetingMasterList.jsx, /src/ui-component/bos/BOSFileGallery.jsx, /src/ui-component/bos/BOSFilePreview.jsx, /src/views/qms/MeetingMaster/AddMeetingMasterDialog.jsx, /src/views/qms/MeetingSchedule/AddMeetingScheduleDialog.jsx, /src/views/qms/MeetingMinutes/AddMomDialog.jsx, /src/ui-component/bos/BOSFileUpload.jsx, /src/views/qms/MeetingSchedule/MeetingScheduleList.jsx, /src/views/qms/AuditSchedule/AuditScheduleList.jsx, /src/views/qms/MeetingMinutes/MomList.jsx
9:34:55 AM [vite] (client) hmr update /src/ui-component/Locales.jsx
9:38:56 AM [vite] (client) hmr update /src/views/qms/MeetingMinutes/AddMomDialog.jsx
10:02:55 AM [vite] (client) hmr invalidate /src/routes/MainRoutes.jsx Could not Fast Refresh ("default" export is incompatible). Learn more at https://github.com/vitejs/vite-plugin-react/tree/main/packages/plugin-react#consistent-components-exports
10:02:55 AM [vite] (client) hmr update /src/routes/index.jsx
10:02:56 AM [vite] (client) hmr invalidate /src/routes/index.jsx Could not Fast Refresh ("default" export is incompatible). Learn more at https://github.com/vitejs/vite-plugin-react/tree/main/packages/plugin-react#consistent-components-exports
10:02:56 AM [vite] (client) hmr update /src/App.jsx
10:05:12 AM [vite] (client) hmr update /src/views/qms/MeetingSchedule/AddMeetingScheduleDialog.jsx
10:10:08 AM [vite] (client) hmr update /src/views/qms/MeetingSchedule/AddMeetingScheduleDialog.jsx
10:12:09 AM [vite] (client) hmr update /src/views/qms/MeetingSchedule/AddMeetingScheduleDialog.jsx
10:14:21 AM [vite] (client) hmr update /src/views/qms/MeetingSchedule/AddMeetingScheduleDialog.jsx
10:14:33 AM [vite] (client) hmr update /src/views/qms/MeetingSchedule/AddMeetingScheduleDialog.jsx
10:14:48 AM [vite] (client) hmr update /src/views/qms/MeetingSchedule/AddMeetingScheduleDialog.jsx
10:15:12 AM [vite] (client) hmr update /src/views/qms/MeetingSchedule/AddMeetingScheduleDialog.jsx
10:15:20 AM [vite] (client) hmr update /src/views/qms/MeetingSchedule/AddMeetingScheduleDialog.jsx
10:17:29 AM [vite] (client) hmr update /src/views/qms/MeetingSchedule/AddMeetingScheduleDialog.jsx
10:20:50 AM [vite] (client) hmr update /src/ui-component/bos/BOSDataTable.jsx
10:21:00 AM [vite] (client) hmr update /src/views/qms/MeetingMaster/AddMeetingMasterDialog.jsx
10:21:47 AM [vite] (client) hmr update /src/views/qms/MeetingMaster/AddMeetingMasterDialog.jsx
10:22:12 AM [vite] (client) hmr update /src/views/qms/MeetingSchedule/AddMeetingScheduleDialog.jsx
10:22:58 AM [vite] (client) hmr update /src/views/admin/AddUserDialog.jsx
10:23:21 AM [vite] (client) hmr update /src/views/admin/UserOverview.jsx
10:23:27 AM [vite] (client) hmr update /src/views/admin/UserOverview.jsx
10:23:44 AM [vite] (client) hmr update /src/views/admin/UserOverview.jsx
10:24:04 AM [vite] (client) hmr update /src/views/admin/AddUserDialog.jsx
10:24:29 AM [vite] (client) hmr update /src/ui-component/bos/BOSDataTable.jsx
10:24:38 AM [vite] (client) hmr update /src/ui-component/bos/BOSDataTable.jsx
10:26:18 AM [vite] (client) hmr update /src/views/admin/AddUserDialog.jsx
10:27:54 AM [vite] (client) hmr update /src/views/admin/UserOverview.jsx
10:28:03 AM [vite] (client) hmr update /src/views/admin/AddUserDialog.jsx
10:28:15 AM [vite] (client) hmr update /src/views/admin/AddUserDialog.jsx
10:28:25 AM [vite] (client) hmr update /src/views/admin/UserOverview.jsx
10:28:33 AM [vite] (client) hmr update /src/views/admin/AddUserDialog.jsx
10:28:39 AM [vite] (client) hmr update /src/views/admin/AddUserDialog.jsx
10:30:12 AM [vite] (client) hmr update /src/views/admin/UserOverview.jsx
10:30:20 AM [vite] (client) hmr update /src/views/admin/AddUserDialog.jsx
10:30:26 AM [vite] (client) hmr update /src/views/admin/UserOverview.jsx
10:30:26 AM [vite] Internal server error: /Users/eash/Desktop/ERP 1.11.56 AM/Autonoma_ERP/src/views/admin/UserOverview.jsx: Unexpected token (11:0)

   9 |   IconPlus,
  10 |   IconRefresh
> 11 | } from '@tabler/icons-react';
     | ^
  12 | import defaultLogo from 'assets/images/logo.png';
  13 |
  14 | // project imports
  Plugin: vite:react-babel
  File: /Users/eash/Desktop/ERP 1.11.56 AM/Autonoma_ERP/src/views/admin/UserOverview.jsx:11:0
  9  |    IconPlus,
  10 |    IconRefresh
  11 |  } from '@tabler/icons-react';
     |  ^
  12 |  import defaultLogo from 'assets/images/logo.png';
  13 |  
      at constructor (/Users/eash/Desktop/ERP 1.11.56 AM/Autonoma_ERP/node_modules/@babel/parser/lib/index.js:367:19)
      at JSXParserMixin.raise (/Users/eash/Desktop/ERP 1.11.56 AM/Autonoma_ERP/node_modules/@babel/parser/lib/index.js:6624:19)
      at JSXParserMixin.unexpected (/Users/eash/Desktop/ERP 1.11.56 AM/Autonoma_ERP/node_modules/@babel/parser/lib/index.js:6644:16)
      at JSXParserMixin.parseExprAtom (/Users/eash/Desktop/ERP 1.11.56 AM/Autonoma_ERP/node_modules/@babel/parser/lib/index.js:11508:22)
      at JSXParserMixin.parseExprAtom (/Users/eash/Desktop/ERP 1.11.56 AM/Autonoma_ERP/node_modules/@babel/parser/lib/index.js:4793:20)
      at JSXParserMixin.parseExprSubscripts (/Users/eash/Desktop/ERP 1.11.56 AM/Autonoma_ERP/node_modules/@babel/parser/lib/index.js:11145:23)
      at JSXParserMixin.parseUpdate (/Users/eash/Desktop/ERP 1.11.56 AM/Autonoma_ERP/node_modules/@babel/parser/lib/index.js:11130:21)
      at JSXParserMixin.parseMaybeUnary (/Users/eash/Desktop/ERP 1.11.56 AM/Autonoma_ERP/node_modules/@babel/parser/lib/index.js:11110:23)
      at JSXParserMixin.parseMaybeUnaryOrPrivate (/Users/eash/Desktop/ERP 1.11.56 AM/Autonoma_ERP/node_modules/@babel/parser/lib/index.js:10963:61)
      at JSXParserMixin.parseExprOps (/Users/eash/Desktop/ERP 1.11.56 AM/Autonoma_ERP/node_modules/@babel/parser/lib/index.js:10968:23)
      at JSXParserMixin.parseMaybeConditional (/Users/eash/Desktop/ERP 1.11.56 AM/Autonoma_ERP/node_modules/@babel/parser/lib/index.js:10945:23)
      at JSXParserMixin.parseMaybeAssign (/Users/eash/Desktop/ERP 1.11.56 AM/Autonoma_ERP/node_modules/@babel/parser/lib/index.js:10895:21)
      at JSXParserMixin.parseExpressionBase (/Users/eash/Desktop/ERP 1.11.56 AM/Autonoma_ERP/node_modules/@babel/parser/lib/index.js:10848:23)
      at /Users/eash/Desktop/ERP 1.11.56 AM/Autonoma_ERP/node_modules/@babel/parser/lib/index.js:10844:39
      at JSXParserMixin.allowInAnd (/Users/eash/Desktop/ERP 1.11.56 AM/Autonoma_ERP/node_modules/@babel/parser/lib/index.js:12495:16)
      at JSXParserMixin.parseExpression (/Users/eash/Desktop/ERP 1.11.56 AM/Autonoma_ERP/node_modules/@babel/parser/lib/index.js:10844:17)
      at JSXParserMixin.parseStatementContent (/Users/eash/Desktop/ERP 1.11.56 AM/Autonoma_ERP/node_modules/@babel/parser/lib/index.js:12971:23)
      at JSXParserMixin.parseStatementLike (/Users/eash/Desktop/ERP 1.11.56 AM/Autonoma_ERP/node_modules/@babel/parser/lib/index.js:12843:17)
      at JSXParserMixin.parseModuleItem (/Users/eash/Desktop/ERP 1.11.56 AM/Autonoma_ERP/node_modules/@babel/parser/lib/index.js:12820:17)
      at JSXParserMixin.parseBlockOrModuleBlockBody (/Users/eash/Desktop/ERP 1.11.56 AM/Autonoma_ERP/node_modules/@babel/parser/lib/index.js:13392:36)
      at JSXParserMixin.parseBlockBody (/Users/eash/Desktop/ERP 1.11.56 AM/Autonoma_ERP/node_modules/@babel/parser/lib/index.js:13385:10)
      at JSXParserMixin.parseProgram (/Users/eash/Desktop/ERP 1.11.56 AM/Autonoma_ERP/node_modules/@babel/parser/lib/index.js:12698:10)
      at JSXParserMixin.parseTopLevel (/Users/eash/Desktop/ERP 1.11.56 AM/Autonoma_ERP/node_modules/@babel/parser/lib/index.js:12688:25)
      at JSXParserMixin.parse (/Users/eash/Desktop/ERP 1.11.56 AM/Autonoma_ERP/node_modules/@babel/parser/lib/index.js:14568:25)
      at parse (/Users/eash/Desktop/ERP 1.11.56 AM/Autonoma_ERP/node_modules/@babel/parser/lib/index.js:14602:38)
      at parser (/Users/eash/Desktop/ERP 1.11.56 AM/Autonoma_ERP/node_modules/@babel/core/lib/parser/index.js:41:34)
      at parser.next (<anonymous>)
      at normalizeFile (/Users/eash/Desktop/ERP 1.11.56 AM/Autonoma_ERP/node_modules/@babel/core/lib/transformation/normalize-file.js:64:37)
      at normalizeFile.next (<anonymous>)
      at run (/Users/eash/Desktop/ERP 1.11.56 AM/Autonoma_ERP/node_modules/@babel/core/lib/transformation/index.js:22:50)
      at run.next (<anonymous>)
      at transform (/Users/eash/Desktop/ERP 1.11.56 AM/Autonoma_ERP/node_modules/@babel/core/lib/transform.js:22:33)
      at transform.next (<anonymous>)
      at step (/Users/eash/Desktop/ERP 1.11.56 AM/Autonoma_ERP/node_modules/gensync/index.js:261:32)
      at /Users/eash/Desktop/ERP 1.11.56 AM/Autonoma_ERP/node_modules/gensync/index.js:273:13
      at async.call.result.err.err (/Users/eash/Desktop/ERP 1.11.56 AM/Autonoma_ERP/node_modules/gensync/index.js:223:11)
      at /Users/eash/Desktop/ERP 1.11.56 AM/Autonoma_ERP/node_modules/gensync/index.js:189:28
      at /Users/eash/Desktop/ERP 1.11.56 AM/Autonoma_ERP/node_modules/@babel/core/lib/gensync-utils/async.js:67:7
      at /Users/eash/Desktop/ERP 1.11.56 AM/Autonoma_ERP/node_modules/gensync/index.js:113:33
      at step (/Users/eash/Desktop/ERP 1.11.56 AM/Autonoma_ERP/node_modules/gensync/index.js:287:14)
      at /Users/eash/Desktop/ERP 1.11.56 AM/Autonoma_ERP/node_modules/gensync/index.js:273:13
      at async.call.result.err.err (/Users/eash/Desktop/ERP 1.11.56 AM/Autonoma_ERP/node_modules/gensync/index.js:223:11)
10:30:33 AM [vite] Internal server error: /Users/eash/Desktop/ERP 1.11.56 AM/Autonoma_ERP/src/views/admin/UserOverview.jsx: Unexpected token (11:0)

   9 |   IconPlus,
  10 |   IconRefresh
> 11 | } from '@tabler/icons-react';
     | ^
  12 | import defaultLogo from 'assets/images/logo.png';
  13 |
  14 | // project imports
  Plugin: vite:react-babel
  File: /Users/eash/Desktop/ERP 1.11.56 AM/Autonoma_ERP/src/views/admin/UserOverview.jsx:11:0
  9  |    IconPlus,
  10 |    IconRefresh
  11 |  } from '@tabler/icons-react';
     |  ^
  12 |  import defaultLogo from 'assets/images/logo.png';
  13 |  
      at constructor (/Users/eash/Desktop/ERP 1.11.56 AM/Autonoma_ERP/node_modules/@babel/parser/lib/index.js:367:19)
      at JSXParserMixin.raise (/Users/eash/Desktop/ERP 1.11.56 AM/Autonoma_ERP/node_modules/@babel/parser/lib/index.js:6624:19)
      at JSXParserMixin.unexpected (/Users/eash/Desktop/ERP 1.11.56 AM/Autonoma_ERP/node_modules/@babel/parser/lib/index.js:6644:16)
      at JSXParserMixin.parseExprAtom (/Users/eash/Desktop/ERP 1.11.56 AM/Autonoma_ERP/node_modules/@babel/parser/lib/index.js:11508:22)
      at JSXParserMixin.parseExprAtom (/Users/eash/Desktop/ERP 1.11.56 AM/Autonoma_ERP/node_modules/@babel/parser/lib/index.js:4793:20)
      at JSXParserMixin.parseExprSubscripts (/Users/eash/Desktop/ERP 1.11.56 AM/Autonoma_ERP/node_modules/@babel/parser/lib/index.js:11145:23)
      at JSXParserMixin.parseUpdate (/Users/eash/Desktop/ERP 1.11.56 AM/Autonoma_ERP/node_modules/@babel/parser/lib/index.js:11130:21)
      at JSXParserMixin.parseMaybeUnary (/Users/eash/Desktop/ERP 1.11.56 AM/Autonoma_ERP/node_modules/@babel/parser/lib/index.js:11110:23)
      at JSXParserMixin.parseMaybeUnaryOrPrivate (/Users/eash/Desktop/ERP 1.11.56 AM/Autonoma_ERP/node_modules/@babel/parser/lib/index.js:10963:61)
      at JSXParserMixin.parseExprOps (/Users/eash/Desktop/ERP 1.11.56 AM/Autonoma_ERP/node_modules/@babel/parser/lib/index.js:10968:23)
      at JSXParserMixin.parseMaybeConditional (/Users/eash/Desktop/ERP 1.11.56 AM/Autonoma_ERP/node_modules/@babel/parser/lib/index.js:10945:23)
      at JSXParserMixin.parseMaybeAssign (/Users/eash/Desktop/ERP 1.11.56 AM/Autonoma_ERP/node_modules/@babel/parser/lib/index.js:10895:21)
      at JSXParserMixin.parseExpressionBase (/Users/eash/Desktop/ERP 1.11.56 AM/Autonoma_ERP/node_modules/@babel/parser/lib/index.js:10848:23)
      at /Users/eash/Desktop/ERP 1.11.56 AM/Autonoma_ERP/node_modules/@babel/parser/lib/index.js:10844:39
      at JSXParserMixin.allowInAnd (/Users/eash/Desktop/ERP 1.11.56 AM/Autonoma_ERP/node_modules/@babel/parser/lib/index.js:12495:16)
      at JSXParserMixin.parseExpression (/Users/eash/Desktop/ERP 1.11.56 AM/Autonoma_ERP/node_modules/@babel/parser/lib/index.js:10844:17)
      at JSXParserMixin.parseStatementContent (/Users/eash/Desktop/ERP 1.11.56 AM/Autonoma_ERP/node_modules/@babel/parser/lib/index.js:12971:23)
      at JSXParserMixin.parseStatementLike (/Users/eash/Desktop/ERP 1.11.56 AM/Autonoma_ERP/node_modules/@babel/parser/lib/index.js:12843:17)
      at JSXParserMixin.parseModuleItem (/Users/eash/Desktop/ERP 1.11.56 AM/Autonoma_ERP/node_modules/@babel/parser/lib/index.js:12820:17)
      at JSXParserMixin.parseBlockOrModuleBlockBody (/Users/eash/Desktop/ERP 1.11.56 AM/Autonoma_ERP/node_modules/@babel/parser/lib/index.js:13392:36)
      at JSXParserMixin.parseBlockBody (/Users/eash/Desktop/ERP 1.11.56 AM/Autonoma_ERP/node_modules/@babel/parser/lib/index.js:13385:10)
      at JSXParserMixin.parseProgram (/Users/eash/Desktop/ERP 1.11.56 AM/Autonoma_ERP/node_modules/@babel/parser/lib/index.js:12698:10)
      at JSXParserMixin.parseTopLevel (/Users/eash/Desktop/ERP 1.11.56 AM/Autonoma_ERP/node_modules/@babel/parser/lib/index.js:12688:25)
      at JSXParserMixin.parse (/Users/eash/Desktop/ERP 1.11.56 AM/Autonoma_ERP/node_modules/@babel/parser/lib/index.js:14568:25)
      at parse (/Users/eash/Desktop/ERP 1.11.56 AM/Autonoma_ERP/node_modules/@babel/parser/lib/index.js:14602:38)
      at parser (/Users/eash/Desktop/ERP 1.11.56 AM/Autonoma_ERP/node_modules/@babel/core/lib/parser/index.js:41:34)
      at parser.next (<anonymous>)
      at normalizeFile (/Users/eash/Desktop/ERP 1.11.56 AM/Autonoma_ERP/node_modules/@babel/core/lib/transformation/normalize-file.js:64:37)
      at normalizeFile.next (<anonymous>)
      at run (/Users/eash/Desktop/ERP 1.11.56 AM/Autonoma_ERP/node_modules/@babel/core/lib/transformation/index.js:22:50)
      at run.next (<anonymous>)
      at transform (/Users/eash/Desktop/ERP 1.11.56 AM/Autonoma_ERP/node_modules/@babel/core/lib/transform.js:22:33)
      at transform.next (<anonymous>)
      at step (/Users/eash/Desktop/ERP 1.11.56 AM/Autonoma_ERP/node_modules/gensync/index.js:261:32)
      at /Users/eash/Desktop/ERP 1.11.56 AM/Autonoma_ERP/node_modules/gensync/index.js:273:13
      at async.call.result.err.err (/Users/eash/Desktop/ERP 1.11.56 AM/Autonoma_ERP/node_modules/gensync/index.js:223:11)
      at /Users/eash/Desktop/ERP 1.11.56 AM/Autonoma_ERP/node_modules/gensync/index.js:189:28
      at /Users/eash/Desktop/ERP 1.11.56 AM/Autonoma_ERP/node_modules/@babel/core/lib/gensync-utils/async.js:67:7
      at /Users/eash/Desktop/ERP 1.11.56 AM/Autonoma_ERP/node_modules/gensync/index.js:113:33
      at step (/Users/eash/Desktop/ERP 1.11.56 AM/Autonoma_ERP/node_modules/gensync/index.js:287:14)
      at /Users/eash/Desktop/ERP 1.11.56 AM/Autonoma_ERP/node_modules/gensync/index.js:273:13
      at async.call.result.err.err (/Users/eash/Desktop/ERP 1.11.56 AM/Autonoma_ERP/node_modules/gensync/index.js:223:11)
10:30:41 AM [vite] (client) hmr update /src/views/admin/UserOverview.jsx
10:31:00 AM [vite] (client) hmr update /src/views/admin/UserOverview.jsx
10:31:27 AM [vite] (client) hmr update /src/views/admin/UserOverview.jsx
10:31:43 AM [vite] (client) hmr update /src/views/admin/UserOverview.jsx
10:32:21 AM [vite] (client) hmr update /src/ui-component/bos/BOSDataTable.jsx
10:32:38 AM [vite] (client) hmr update /src/views/admin/UserOverview.jsx
10:33:28 AM [vite] (client) hmr update /src/ui-component/bos/BOSDataTable.jsx
10:33:50 AM [vite] (client) hmr update /src/views/admin/UserOverview.jsx
10:33:50 AM [vite] (client) warning: The character "}" is not valid inside a JSX element
169 |            ) : (
170 |              <IconCircleXFilled size={18} color="#f44336" />
171 |            )}
    |             ^
172 |            <Typography variant="caption" sx={{ fontWeight: 800, color: row.status === 1 ? '#4caf50' : '#f44336' }}>
173 |              {row.status === 1 ? 'ACTIVE' : 'SUSPENDED'}

  Plugin: vite:esbuild
  File: /Users/eash/Desktop/ERP 1.11.56 AM/Autonoma_ERP/src/views/admin/UserOverview.jsx
10:34:13 AM [vite] (client) hmr update /src/views/admin/UserOverview.jsx
10:34:38 AM [vite] (client) hmr update /src/views/admin/UserOverview.jsx
10:37:11 AM [vite] (client) hmr update /src/ui-component/bos/BOSDataTable.jsx
10:41:44 AM [vite] (client) hmr update /src/views/qms/MeetingSchedule/AddMeetingScheduleDialog.jsx
10:41:51 AM [vite] (client) hmr update /src/views/qms/MeetingSchedule/AddMeetingScheduleDialog.jsx
10:42:26 AM [vite] (client) hmr update /src/views/qms/MeetingSchedule/AddMeetingScheduleDialog.jsx
10:42:51 AM [vite] (client) hmr update /src/views/qms/MeetingSchedule/AddMeetingScheduleDialog.jsx
