[INFO] Scanning for projects...
[INFO] 
[INFO] ------------------< com.nutech:nutech-email-backend >-------------------
[INFO] Building Nutech Email Processing Backend 1.0.0-SNAPSHOT
[INFO]   from pom.xml
[INFO] --------------------------------[ jar ]---------------------------------
[INFO] 
[INFO] >>> spring-boot:3.3.5:run (default-cli) > test-compile @ nutech-email-backend >>>
[INFO] 
[INFO] --- resources:3.3.1:resources (default-resources) @ nutech-email-backend ---
[INFO] Copying 1 resource from src/main/resources to target/classes
[INFO] Copying 3 resources from src/main/resources to target/classes
[INFO] 
[INFO] --- compiler:3.13.0:compile (default-compile) @ nutech-email-backend ---
[INFO] Nothing to compile - all classes are up to date.
[INFO] 
[INFO] --- resources:3.3.1:testResources (default-testResources) @ nutech-email-backend ---
[INFO] skip non existing resourceDirectory /Users/darshankrishnakumar/Documents/Nutech/nutech new/nutech-email-backend/src/test/resources
[INFO] 
[INFO] --- compiler:3.13.0:testCompile (default-testCompile) @ nutech-email-backend ---
[INFO] No sources to compile
[INFO] 
[INFO] <<< spring-boot:3.3.5:run (default-cli) < test-compile @ nutech-email-backend <<<
[INFO] 
[INFO] 
[INFO] --- spring-boot:3.3.5:run (default-cli) @ nutech-email-backend ---
[INFO] Attaching agents: []
Standard Commons Logging discovery in action with spring-jcl: please remove commons-logging.jar from classpath in order to avoid potential conflicts
Standard Commons Logging discovery in action with spring-jcl: please remove commons-logging.jar from classpath in order to avoid potential conflicts

  .   ____          _            __ _ _
 /\\ / ___'_ __ _ _(_)_ __  __ _ \ \ \ \
( ( )\___ | '_ | '_| | '_ \/ _` | \ \ \ \
 \\/  ___)| |_)| | | | | || (_| |  ) ) ) )
  '  |____| .__|_| |_|_| |_\__, | / / / /
 =========|_|==============|___/=/_/_/_/

 :: Spring Boot ::                (v3.3.5)

2026-05-04T19:13:45.755+05:30  INFO 52939 --- [nutech-email-backend] [  restartedMain] c.nutech.email.NutechEmailApplication    : Starting NutechEmailApplication using Java 25.0.2 with PID 52939 (/Users/darshankrishnakumar/Documents/Nutech/nutech new/nutech-email-backend/target/classes started by darshankrishnakumar in /Users/darshankrishnakumar/Documents/Nutech/nutech new/nutech-email-backend)
2026-05-04T19:13:45.756+05:30 DEBUG 52939 --- [nutech-email-backend] [  restartedMain] c.nutech.email.NutechEmailApplication    : Running with Spring Boot v3.3.5, Spring v6.1.14
2026-05-04T19:13:45.756+05:30  INFO 52939 --- [nutech-email-backend] [  restartedMain] c.nutech.email.NutechEmailApplication    : No active profile set, falling back to 1 default profile: "default"
2026-05-04T19:13:45.772+05:30  INFO 52939 --- [nutech-email-backend] [  restartedMain] .e.DevToolsPropertyDefaultsPostProcessor : Devtools property defaults active! Set 'spring.devtools.add-properties' to 'false' to disable
2026-05-04T19:13:45.772+05:30  INFO 52939 --- [nutech-email-backend] [  restartedMain] .e.DevToolsPropertyDefaultsPostProcessor : For additional web related logging consider setting the 'logging.level.web' property to 'DEBUG'
2026-05-04T19:13:45.997+05:30  INFO 52939 --- [nutech-email-backend] [  restartedMain] .s.d.r.c.RepositoryConfigurationDelegate : Bootstrapping Spring Data JPA repositories in DEFAULT mode.
2026-05-04T19:13:46.050+05:30  INFO 52939 --- [nutech-email-backend] [  restartedMain] .s.d.r.c.RepositoryConfigurationDelegate : Finished Spring Data repository scanning in 50 ms. Found 9 JPA repository interfaces.
WARNING: A restricted method in java.lang.System has been called
WARNING: java.lang.System::load has been called by org.apache.tomcat.jni.Library in an unnamed module (file:/Users/darshankrishnakumar/.m2/repository/org/apache/tomcat/embed/tomcat-embed-core/10.1.31/tomcat-embed-core-10.1.31.jar)
WARNING: Use --enable-native-access=ALL-UNNAMED to avoid a warning for callers in this module
WARNING: Restricted methods will be blocked in a future release unless native access is enabled

2026-05-04T19:13:46.284+05:30  INFO 52939 --- [nutech-email-backend] [  restartedMain] o.s.b.w.embedded.tomcat.TomcatWebServer  : Tomcat initialized with port 9090 (http)
2026-05-04T19:13:46.290+05:30  INFO 52939 --- [nutech-email-backend] [  restartedMain] o.apache.catalina.core.StandardService   : Starting service [Tomcat]
2026-05-04T19:13:46.290+05:30  INFO 52939 --- [nutech-email-backend] [  restartedMain] o.apache.catalina.core.StandardEngine    : Starting Servlet engine: [Apache Tomcat/10.1.31]
2026-05-04T19:13:46.303+05:30  INFO 52939 --- [nutech-email-backend] [  restartedMain] o.a.c.c.C.[Tomcat].[localhost].[/]       : Initializing Spring embedded WebApplicationContext
2026-05-04T19:13:46.304+05:30  INFO 52939 --- [nutech-email-backend] [  restartedMain] w.s.c.ServletWebServerApplicationContext : Root WebApplicationContext: initialization completed in 532 ms
Standard Commons Logging discovery in action with spring-jcl: please remove commons-logging.jar from classpath in order to avoid potential conflicts
2026-05-04T19:13:46.362+05:30  INFO 52939 --- [nutech-email-backend] [  restartedMain] o.hibernate.jpa.internal.util.LogHelper  : HHH000204: Processing PersistenceUnitInfo [name: default]
2026-05-04T19:13:46.380+05:30  INFO 52939 --- [nutech-email-backend] [  restartedMain] org.hibernate.Version                    : HHH000412: Hibernate ORM core version 6.5.3.Final
2026-05-04T19:13:46.389+05:30  INFO 52939 --- [nutech-email-backend] [  restartedMain] o.h.c.internal.RegionFactoryInitiator    : HHH000026: Second-level cache disabled
2026-05-04T19:13:46.477+05:30  INFO 52939 --- [nutech-email-backend] [  restartedMain] o.s.o.j.p.SpringPersistenceUnitInfo      : No LoadTimeWeaver setup: ignoring JPA class transformer
2026-05-04T19:13:46.485+05:30  INFO 52939 --- [nutech-email-backend] [  restartedMain] com.zaxxer.hikari.HikariDataSource       : HikariPool-1 - Starting...
2026-05-04T19:13:46.534+05:30  INFO 52939 --- [nutech-email-backend] [  restartedMain] com.zaxxer.hikari.pool.HikariPool        : HikariPool-1 - Added connection com.mysql.cj.jdbc.ConnectionImpl@65a194f8
2026-05-04T19:13:46.535+05:30  INFO 52939 --- [nutech-email-backend] [  restartedMain] com.zaxxer.hikari.HikariDataSource       : HikariPool-1 - Start completed.
2026-05-04T19:13:46.553+05:30  WARN 52939 --- [nutech-email-backend] [  restartedMain] org.hibernate.orm.deprecation            : HHH90000025: MySQLDialect does not need to be specified explicitly using 'hibernate.dialect' (remove the property setting and it will be selected by default)
2026-05-04T19:13:46.928+05:30  INFO 52939 --- [nutech-email-backend] [  restartedMain] o.h.e.t.j.p.i.JtaPlatformInitiator       : HHH000489: No JTA platform available (set 'hibernate.transaction.jta.platform' to enable JTA platform integration)
2026-05-04T19:13:47.078+05:30  INFO 52939 --- [nutech-email-backend] [  restartedMain] j.LocalContainerEntityManagerFactoryBean : Initialized JPA EntityManagerFactory for persistence unit 'default'
2026-05-04T19:13:47.164+05:30  INFO 52939 --- [nutech-email-backend] [  restartedMain] o.s.d.j.r.query.QueryEnhancerFactory     : Hibernate is in classpath; If applicable, HQL parser will be used.
2026-05-04T19:13:47.562+05:30  INFO 52939 --- [nutech-email-backend] [  restartedMain] c.n.email.integration.GraphMailService   : Microsoft Graph client initialized for mailbox: darshan.k@technosprint.net
WARNING: A terminally deprecated method in sun.misc.Unsafe has been called
WARNING: sun.misc.Unsafe::allocateMemory has been called by io.netty.util.internal.PlatformDependent0$2 (file:/Users/darshankrishnakumar/.m2/repository/io/netty/netty-common/4.1.114.Final/netty-common-4.1.114.Final.jar)
WARNING: Please consider reporting this to the maintainers of class io.netty.util.internal.PlatformDependent0$2
WARNING: sun.misc.Unsafe::allocateMemory will be removed in a future release
2026-05-04T19:13:47.704+05:30  WARN 52939 --- [nutech-email-backend] [  restartedMain] JpaBaseConfiguration$JpaWebConfiguration : spring.jpa.open-in-view is enabled by default. Therefore, database queries may be performed during view rendering. Explicitly configure spring.jpa.open-in-view to disable this warning
2026-05-04T19:13:47.711+05:30  WARN 52939 --- [nutech-email-backend] [  restartedMain] .s.s.UserDetailsServiceAutoConfiguration : 

Using generated security password: bb2e122f-7833-40db-b59b-57a55e3cf94e

This generated password is for development use only. Your security configuration must be updated before running your application in production.

2026-05-04T19:13:47.895+05:30  WARN 52939 --- [nutech-email-backend] [  restartedMain] o.s.b.d.a.OptionalLiveReloadServer       : Unable to start LiveReload server
2026-05-04T19:13:47.907+05:30  INFO 52939 --- [nutech-email-backend] [  restartedMain] o.s.b.w.embedded.tomcat.TomcatWebServer  : Tomcat started on port 9090 (http) with context path '/'
2026-05-04T19:13:47.911+05:30  INFO 52939 --- [nutech-email-backend] [  restartedMain] c.nutech.email.NutechEmailApplication    : Started NutechEmailApplication in 2.271 seconds (process running for 2.413)
2026-05-04T19:13:57.922+05:30  INFO 52939 --- [nutech-email-backend] [   scheduling-1] c.n.email.service.EmailProcessorService  : Polling shared mailbox for unread emails...
2026-05-04T19:13:58.006+05:30  INFO 52939 --- [nutech-email-backend] [   scheduling-1] c.a.c.h.n.implementation.NettyUtility    : {"az.sdk.message":"The following Netty versions were found on the classpath and have a mismatch with the versions used by azure-core-http-netty. If your application runs without issue this message can be ignored, otherwise please align the Netty versions used in your application. For more information, see https://aka.ms/azsdk/java/dependency/troubleshoot.","azure-netty-version":"4.1.115.Final","azure-netty-native-version":"2.0.69.Final","classpath-netty-version-io.netty:netty-common":"4.1.114.Final","classpath-netty-version-io.netty:netty-handler":"4.1.114.Final","classpath-netty-version-io.netty:netty-handler-proxy":"4.1.114.Final","classpath-netty-version-io.netty:netty-buffer":"4.1.114.Final","classpath-netty-version-io.netty:netty-codec":"4.1.114.Final","classpath-netty-version-io.netty:netty-codec-http":"4.1.114.Final","classpath-netty-version-io.netty:netty-codec-http2":"4.1.114.Final","classpath-netty-version-io.netty:netty-transport-native-unix-common":"4.1.114.Final","classpath-netty-version-io.netty:netty-transport-native-epoll":"4.1.114.Final","classpath-netty-version-io.netty:netty-transport-native-kqueue":"4.1.114.Final","classpath-native-netty-version-io.netty:netty-tcnative-boringssl-static":"2.0.66.Final"}
2026-05-04T19:13:58.554+05:30  INFO 52939 --- [nutech-email-backend] [nio-9090-exec-1] o.a.c.c.C.[Tomcat].[localhost].[/]       : Initializing Spring DispatcherServlet 'dispatcherServlet'
2026-05-04T19:13:58.554+05:30  INFO 52939 --- [nutech-email-backend] [nio-9090-exec-1] o.s.web.servlet.DispatcherServlet        : Initializing Servlet 'dispatcherServlet'
2026-05-04T19:13:58.555+05:30  INFO 52939 --- [nutech-email-backend] [nio-9090-exec-1] o.s.web.servlet.DispatcherServlet        : Completed initialization in 1 ms
2026-05-04T19:13:59.394+05:30  INFO 52939 --- [nutech-email-backend] [   scheduling-1] c.n.email.service.EmailProcessorService  : Found 0 unread emails
2026-05-04T19:14:59.399+05:30  INFO 52939 --- [nutech-email-backend] [   scheduling-1] c.n.email.service.EmailProcessorService  : Polling shared mailbox for unread emails...
2026-05-04T19:14:59.493+05:30  INFO 52939 --- [nutech-email-backend] [   scheduling-1] c.n.email.service.EmailProcessorService  : Found 0 unread emails
2026-05-04T19:15:59.499+05:30  INFO 52939 --- [nutech-email-backend] [   scheduling-1] c.n.email.service.EmailProcessorService  : Polling shared mailbox for unread emails...
2026-05-04T19:15:59.591+05:30  INFO 52939 --- [nutech-email-backend] [   scheduling-1] c.n.email.service.EmailProcessorService  : Found 0 unread emails
2026-05-04T19:16:59.597+05:30  INFO 52939 --- [nutech-email-backend] [   scheduling-1] c.n.email.service.EmailProcessorService  : Polling shared mailbox for unread emails...
2026-05-04T19:16:59.739+05:30  INFO 52939 --- [nutech-email-backend] [   scheduling-1] c.n.email.service.EmailProcessorService  : Found 0 unread emails
2026-05-04T19:17:59.742+05:30  INFO 52939 --- [nutech-email-backend] [   scheduling-1] c.n.email.service.EmailProcessorService  : Polling shared mailbox for unread emails...
2026-05-04T19:18:04.275+05:30  INFO 52939 --- [nutech-email-backend] [   scheduling-1] c.n.email.service.EmailProcessorService  : Found 0 unread emails
2026-05-04T19:19:04.280+05:30  INFO 52939 --- [nutech-email-backend] [   scheduling-1] c.n.email.service.EmailProcessorService  : Polling shared mailbox for unread emails...
2026-05-04T19:19:04.378+05:30  INFO 52939 --- [nutech-email-backend] [   scheduling-1] c.n.email.service.EmailProcessorService  : Found 0 unread emails
[INFO] ------------------------------------------------------------------------
[INFO] BUILD FAILURE
[INFO] ------------------------------------------------------------------------
[INFO] Total time:  05:46 min
[INFO] Finished at: 2026-05-04T19:19:31+05:30
[INFO] ------------------------------------------------------------------------
[ERROR] Failed to execute goal org.springframework.boot:spring-boot-maven-plugin:3.3.5:run (default-cli) on project nutech-email-backend: Process terminated with exit code: 137 -> [Help 1]
[ERROR] 
[ERROR] To see the full stack trace of the errors, re-run Maven with the -e switch.
[ERROR] Re-run Maven using the -X switch to enable full debug logging.
[ERROR] 
[ERROR] For more information about the errors and possible solutions, please read the following articles:
[ERROR] [Help 1] http://cwiki.apache.org/confluence/display/MAVEN/MojoExecutionException
